<?xml version="1.0" encoding="UTF-8"?>
<!-- Generated by org.testng.reporters.JUnitReportReporter -->
<testsuite hostname="Darlingmahesh" failures="0" tests="1" name="PopupAlerts.ABCXYZ" time="30.799" errors="0" timestamp="2025-05-14T12:21:22 IST" skipped="0">
  <testcase classname="PopupAlerts.ABCXYZ" name="techlearnhomepage" time="30.799"/>
</testsuite> <!-- PopupAlerts.ABCXYZ -->
