<?xml version="1.0" encoding="UTF-8"?>
<!-- Generated by org.testng.reporters.JUnitReportReporter -->
<testsuite hostname="Darlingmahesh" failures="0" tests="1" name="Selectescreenshot.SelectedWebelementscreenshot" time="22.659" errors="0" timestamp="2025-05-15T10:08:57 IST" skipped="0">
  <testcase classname="Selectescreenshot.SelectedWebelementscreenshot" name="Takescreenshot" time="22.659"/>
</testsuite> <!-- Selectescreenshot.SelectedWebelementscreenshot -->
