<?xml version="1.0" encoding="UTF-8"?>
<!-- Generated by org.testng.reporters.JUnitReportReporter -->
<testsuite hostname="DESKTOP-170BC9A" failures="0" tests="7" name="TestNG.TestNG_3_TCs_Execution_By_Priority" time="37.724" errors="0" timestamp="2025-04-23T15:53:20 IST" skipped="0">
  <testcase classname="TestNG.TestNG_3_TCs_Execution_By_Priority" name="redmine" time="5.698"/>
  <testcase classname="TestNG.TestNG_3_TCs_Execution_By_Priority" name="google" time="0.899"/>
  <testcase classname="TestNG.TestNG_3_TCs_Execution_By_Priority" name="twitter" time="12.850"/>
  <testcase classname="TestNG.TestNG_3_TCs_Execution_By_Priority" name="facebook" time="2.093"/>
  <testcase classname="TestNG.TestNG_3_TCs_Execution_By_Priority" name="zomato" time="4.476"/>
  <testcase classname="TestNG.TestNG_3_TCs_Execution_By_Priority" name="selenium" time="3.274"/>
  <testcase classname="TestNG.TestNG_3_TCs_Execution_By_Priority" name="swiggy" time="8.434"/>
</testsuite> <!-- TestNG.TestNG_3_TCs_Execution_By_Priority -->
