<?xml version="1.0" encoding="UTF-8"?>
<!-- Generated by org.testng.reporters.JUnitReportReporter -->
<testsuite hostname="DESKTOP-170BC9A" failures="0" tests="2" name="TestNG.TestNG_8_DepnedsOnMethods" time="11.979" errors="0" timestamp="2025-04-24T19:45:11 IST" skipped="0">
  <testcase classname="TestNG.TestNG_8_DepnedsOnMethods" name="method2" time="7.186"/>
  <testcase classname="TestNG.TestNG_8_DepnedsOnMethods" name="method1" time="4.793"/>
</testsuite> <!-- TestNG.TestNG_8_DepnedsOnMethods -->
