<?xml version="1.0" encoding="UTF-8"?>
<!-- Generated by org.testng.reporters.JUnitReportReporter -->
<testsuite hostname="DESKTOP-170BC9A" failures="0" tests="1" name="TestNG.supriya" time="14.508" errors="0" timestamp="2025-05-02T14:29:53 IST" skipped="0">
  <testcase classname="TestNG.supriya" name="f" time="14.508"/>
</testsuite> <!-- TestNG.supriya -->
