<?xml version="1.0" encoding="UTF-8"?>
<!-- Generated by org.testng.reporters.JUnitReportReporter -->
<testsuite hostname="Darlingmahesh" failures="0" tests="1" name="TestNG.TestNG_95_NewTabSwitchFunctions" time="11.219" errors="0" timestamp="2025-05-12T10:13:09 IST" skipped="0">
  <testcase classname="TestNG.TestNG_95_NewTabSwitchFunctions" name="techlearn" time="11.219"/>
</testsuite> <!-- TestNG.TestNG_95_NewTabSwitchFunctions -->
