<?xml version="1.0" encoding="UTF-8"?>
<!-- Generated by org.testng.reporters.JUnitReportReporter -->
<testsuite hostname="DESKTOP-170BC9A" failures="0" tests="5" name="TestNG.TestNG_5_Description_Feature" time="14.680" errors="0" timestamp="2025-04-24T09:55:12 IST" skipped="0">
  <testcase classname="TestNG.TestNG_5_Description_Feature" name="testfive" time="8.338"/>
  <testcase classname="TestNG.TestNG_5_Description_Feature" name="testthree" time="1.255"/>
  <testcase classname="TestNG.TestNG_5_Description_Feature" name="testfour" time="1.463"/>
  <testcase classname="TestNG.TestNG_5_Description_Feature" name="testone" time="2.277"/>
  <testcase classname="TestNG.TestNG_5_Description_Feature" name="testtwo" time="1.347"/>
</testsuite> <!-- TestNG.TestNG_5_Description_Feature -->
