<?xml version="1.0" encoding="UTF-8"?>
<!-- Generated by org.testng.reporters.JUnitReportReporter -->
<testsuite hostname="DESKTOP-170BC9A" failures="0" tests="1" name="TestNG.SelectDropDownValuse_93_" time="7.574" errors="0" timestamp="2025-05-01T10:19:42 IST" skipped="0">
  <testcase classname="TestNG.SelectDropDownValuse_93_" name="dropDownvaluse" time="7.574"/>
</testsuite> <!-- TestNG.SelectDropDownValuse_93_ -->
