<?xml version="1.0" encoding="UTF-8"?>
<!-- Generated by org.testng.reporters.JUnitReportReporter -->
<testsuite hostname="Darlingmahesh" failures="0" tests="1" name="TestNG.TestNG_93_ActionsClassPrograms" time="7.739" errors="0" timestamp="2025-05-03T11:34:57 IST" skipped="0">
  <testcase classname="TestNG.TestNG_93_ActionsClassPrograms" name="nkeyboardfunctions" time="7.739"/>
</testsuite> <!-- TestNG.TestNG_93_ActionsClassPrograms -->
