<?xml version="1.0" encoding="UTF-8"?>
<!-- Generated by org.testng.reporters.JUnitReportReporter -->
<testsuite hostname="DESKTOP-170BC9A" failures="0" tests="4" name="TestNG.TestNG_91_Test_Groups" time="55.680" errors="0" timestamp="2025-04-26T15:01:34 IST" skipped="0">
  <testcase classname="TestNG.TestNG_91_Test_Groups" name="twitter" time="13.464"/>
  <testcase classname="TestNG.TestNG_91_Test_Groups" name="facebook" time="2.950"/>
  <testcase classname="TestNG.TestNG_91_Test_Groups" name="zomato" time="6.878"/>
  <testcase classname="TestNG.TestNG_91_Test_Groups" name="swiggy" time="32.388"/>
</testsuite> <!-- TestNG.TestNG_91_Test_Groups -->
