<?xml version="1.0" encoding="UTF-8"?>
<!-- Generated by org.testng.reporters.JUnitReportReporter -->
<testsuite hostname="DESKTOP-170BC9A" failures="0" tests="2" name="TestNG.TestNG_9_Run_Tcs_suite" time="20.116" errors="0" timestamp="2025-04-24T20:16:11 IST" skipped="0">
  <testcase classname="TestNG.TestNG_9_Run_Tcs_suite" name="twitter" time="14.213"/>
  <testcase classname="TestNG.TestNG_9_Run_Tcs_suite" name="zomato" time="5.903"/>
</testsuite> <!-- TestNG.TestNG_9_Run_Tcs_suite -->
