<?xml version="1.0" encoding="UTF-8"?>
<!-- Generated by org.testng.reporters.JUnitReportReporter -->
<testsuite hostname="DESKTOP-170BC9A" failures="0" tests="1" name="TestNG.pallavi" time="13.363" errors="0" timestamp="2025-05-02T14:25:30 IST" skipped="0">
  <testcase classname="TestNG.pallavi" name="f" time="13.363"/>
</testsuite> <!-- TestNG.pallavi -->
