<?xml version="1.0" encoding="UTF-8"?>
<!-- Generated by org.testng.reporters.JUnitReportReporter -->
<testsuite hostname="Darlingmahesh" failures="0" tests="3" name="TestNG.TestNG_96_isDispalyedisEnabledisSelected" time="16.411" errors="0" timestamp="2025-05-09T15:23:42 IST" skipped="0">
  <testcase classname="TestNG.TestNG_96_isDispalyedisEnabledisSelected" name="isEnabledmethod" time="6.733"/>
  <testcase classname="TestNG.TestNG_96_isDispalyedisEnabledisSelected" name="isdisplayedmethod" time="5.098"/>
  <testcase classname="TestNG.TestNG_96_isDispalyedisEnabledisSelected" name="isSelectedmethod" time="4.580"/>
</testsuite> <!-- TestNG.TestNG_96_isDispalyedisEnabledisSelected -->
