<?xml version="1.0" encoding="UTF-8"?>
<!-- Generated by org.testng.reporters.JUnitReportReporter -->
<testsuite hostname="DESKTOP-170BC9A" failures="0" tests="3" name="TestNG.TestNG_7_Invocation_Count" time="16.674" errors="0" timestamp="2025-04-26T14:51:15 IST" skipped="0">
  <testcase classname="TestNG.TestNG_7_Invocation_Count" name="techlearnlagin" time="6.626"/>
  <testcase classname="TestNG.TestNG_7_Invocation_Count" name="techlearnlagin" time="4.808"/>
  <testcase classname="TestNG.TestNG_7_Invocation_Count" name="techlearn" time="5.240"/>
</testsuite> <!-- TestNG.TestNG_7_Invocation_Count -->
