<?xml version="1.0" encoding="UTF-8"?>
<!-- Generated by org.testng.reporters.JUnitReportReporter -->
<testsuite hostname="Darlingmahesh" failures="0" tests="1" name="TestNG.TestNG_94_Iframes" time="38.186" errors="0" timestamp="2025-05-10T16:37:38 IST" skipped="0">
  <testcase classname="TestNG.TestNG_94_Iframes" name="frames" time="38.186"/>
</testsuite> <!-- TestNG.TestNG_94_Iframes -->
