<?xml version="1.0" encoding="UTF-8"?>
<!-- Generated by org.testng.reporters.JUnitReportReporter -->
<testsuite hostname="Darlingmahesh" failures="0" tests="1" name="Log4j.Log4jClasss" time="4.829" errors="0" timestamp="2025-05-12T19:32:16 IST" skipped="0">
  <testcase classname="Log4j.Log4jClasss" name="log4jdemo" time="4.829"/>
</testsuite> <!-- Log4j.Log4jClasss -->
