<?xml version="1.0" encoding="UTF-8"?>
<!-- Generated by org.testng.reporters.JUnitReportReporter -->
<testsuite hostname="Darlingmahesh" failures="0" tests="1" name="Selectescreenshot.TimeformateScreenshot" time="5.747" errors="0" timestamp="2025-05-14T10:50:35 IST" skipped="0">
  <testcase classname="Selectescreenshot.TimeformateScreenshot" name="techlearserch" time="5.747"/>
</testsuite> <!-- Selectescreenshot.TimeformateScreenshot -->
